0 info it worked if it ends with ok
1 verbose cli [ 'node', '/usr/bin/npm', 'install', '-g', 'bower' ]
2 info using npm@1.1.71
3 info using node@v0.6.12
4 verbose read json /usr/lib/package.json
5 verbose read json /usr/lib/package.json
6 verbose cache add [ 'bower', null ]
7 silly cache add name=undefined spec="bower" args=["bower",null]
8 verbose parsed url { pathname: 'bower', path: 'bower', href: 'bower' }
9 silly lockFile 206e3ce5-bower bower
10 verbose lock bower /home/francois/.npm/206e3ce5-bower.lock
11 silly lockFile 206e3ce5-bower bower
12 verbose addNamed [ 'bower', '' ]
13 verbose addNamed [ null, '' ]
14 silly lockFile 1240aab1-bower bower@
15 verbose lock bower@ /home/francois/.npm/1240aab1-bower.lock
16 silly lockFile 1240aab1-bower bower@
17 error Error: EACCES, permission denied '/home/francois/.npm/1240aab1-bower.lock'
17 error  { [Error: EACCES, permission denied '/home/francois/.npm/1240aab1-bower.lock']
17 error   errno: 3,
17 error   code: 'EACCES',
17 error   path: '/home/francois/.npm/1240aab1-bower.lock' }
18 error Please try running this command again as root/Administrator.
19 error System Linux 3.2.0-67-generic-pae
20 error command "node" "/usr/bin/npm" "install" "-g" "bower"
21 error cwd /home/francois/elodieandflorian
22 error node -v v0.6.12
23 error npm -v 1.1.71
24 error path /home/francois/.npm/1240aab1-bower.lock
25 error code EACCES
26 error errno 3
27 error stack Error: EACCES, permission denied '/home/francois/.npm/1240aab1-bower.lock'
28 verbose exit [ 3, true ]
